<?xml version="1.0" encoding="UTF-8"?>
<testsuite name="com.defects4j.fl.test.TestSuite" time="0.01" tests="33" errors="0" skipped="0" failures="4">
  <properties>
    <property name="java.runtime.name" value="OpenJDK Runtime Environment"/>
    <property name="sun.boot.library.path" value="/usr/lib/jvm/java-1.7.0-openjdk-1.7.0.79-2.5.5.0.fc20.x86_64/jre/lib/amd64"/>
    <property name="java.vm.version" value="24.79-b02"/>
    <property name="java.vm.vendor" value="Oracle Corporation"/>
    <property name="java.vendor.url" value="http://java.oracle.com/"/>
    <property name="path.separator" value=":"/>
    <property name="guice.disable.misplaced.annotation.check" value="true"/>
    <property name="java.vm.name" value="OpenJDK 64-Bit Server VM"/>
    <property name="file.encoding.pkg" value="sun.io"/>
    <property name="user.country" value="US"/>
    <property name="sun.java.launcher" value="SUN_STANDARD"/>
    <property name="sun.os.patch.level" value="unknown"/>
    <property name="java.vm.specification.name" value="Java Virtual Machine Specification"/>
    <property name="user.dir" value="/homes/iws/kevinb22/GitLab/fault-localization-research/triangle"/>
    <property name="java.runtime.version" value="1.7.0_79-mockbuild_2015_04_15_06_33-b00"/>
    <property name="java.awt.graphicsenv" value="sun.awt.X11GraphicsEnvironment"/>
    <property name="java.endorsed.dirs" value="/usr/lib/jvm/java-1.7.0-openjdk-1.7.0.79-2.5.5.0.fc20.x86_64/jre/lib/endorsed"/>
    <property name="os.arch" value="amd64"/>
    <property name="java.io.tmpdir" value="/tmp"/>
    <property name="line.separator" value="&#10;"/>
    <property name="java.vm.specification.vendor" value="Oracle Corporation"/>
    <property name="os.name" value="Linux"/>
    <property name="classworlds.conf" value="/usr/share/maven/bin/m2.conf"/>
    <property name="sun.jnu.encoding" value="UTF-8"/>
    <property name="java.library.path" value="/usr/java/packages/lib/amd64:/usr/lib64:/lib64:/lib:/usr/lib"/>
    <property name="java.specification.name" value="Java Platform API Specification"/>
    <property name="java.class.version" value="51.0"/>
    <property name="sun.management.compiler" value="HotSpot 64-Bit Tiered Compilers"/>
    <property name="os.version" value="3.18.9-100.fc20.x86_64"/>
    <property name="user.home" value="/homes/iws/kevinb22"/>
    <property name="user.timezone" value="America/Los_Angeles"/>
    <property name="java.awt.printerjob" value="sun.print.PSPrinterJob"/>
    <property name="file.encoding" value="UTF-8"/>
    <property name="java.specification.version" value="1.7"/>
    <property name="user.name" value="kevinb22"/>
    <property name="java.class.path" value="/usr/share/maven/boot/plexus-classworlds.jar"/>
    <property name="org.slf4j.simpleLogger.defaultLogLevel" value="info"/>
    <property name="java.vm.specification.version" value="1.7"/>
    <property name="sun.arch.data.model" value="64"/>
    <property name="java.home" value="/usr/lib/jvm/java-1.7.0-openjdk-1.7.0.79-2.5.5.0.fc20.x86_64/jre"/>
    <property name="sun.java.command" value="org.codehaus.plexus.classworlds.launcher.Launcher clean package"/>
    <property name="java.specification.vendor" value="Oracle Corporation"/>
    <property name="user.language" value="en"/>
    <property name="awt.toolkit" value="sun.awt.X11.XToolkit"/>
    <property name="java.vm.info" value="mixed mode"/>
    <property name="java.version" value="1.7.0_79"/>
    <property name="java.ext.dirs" value="/usr/lib/jvm/java-1.7.0-openjdk-1.7.0.79-2.5.5.0.fc20.x86_64/jre/lib/ext:/usr/java/packages/lib/ext"/>
    <property name="sun.boot.class.path" value="/usr/lib/jvm/java-1.7.0-openjdk-1.7.0.79-2.5.5.0.fc20.x86_64/jre/lib/resources.jar:/usr/lib/jvm/java-1.7.0-openjdk-1.7.0.79-2.5.5.0.fc20.x86_64/jre/lib/rt.jar:/usr/lib/jvm/java-1.7.0-openjdk-1.7.0.79-2.5.5.0.fc20.x86_64/jre/lib/sunrsasign.jar:/usr/lib/jvm/java-1.7.0-openjdk-1.7.0.79-2.5.5.0.fc20.x86_64/jre/lib/jsse.jar:/usr/lib/jvm/java-1.7.0-openjdk-1.7.0.79-2.5.5.0.fc20.x86_64/jre/lib/jce.jar:/usr/lib/jvm/java-1.7.0-openjdk-1.7.0.79-2.5.5.0.fc20.x86_64/jre/lib/charsets.jar:/usr/lib/jvm/java-1.7.0-openjdk-1.7.0.79-2.5.5.0.fc20.x86_64/jre/lib/rhino.jar:/usr/lib/jvm/java-1.7.0-openjdk-1.7.0.79-2.5.5.0.fc20.x86_64/jre/lib/jfr.jar:/usr/lib/jvm/java-1.7.0-openjdk-1.7.0.79-2.5.5.0.fc20.x86_64/jre/classes"/>
    <property name="java.vendor" value="Oracle Corporation"/>
    <property name="maven.home" value="/usr/share/maven"/>
    <property name="file.separator" value="/"/>
    <property name="java.vendor.url.bug" value="http://bugreport.sun.com/bugreport/"/>
    <property name="sun.cpu.endian" value="little"/>
    <property name="sun.io.unicode.encoding" value="UnicodeLittle"/>
    <property name="sun.desktop" value="gnome"/>
    <property name="sun.cpu.isalist" value=""/>
  </properties>
  <testcase name="test10" classname="com.defects4j.fl.test.TestSuite" time="0.003">
    <failure message="expected:&lt;EQUILATERAL&gt; but was:&lt;ISOSCELES&gt;" type="junit.framework.AssertionFailedError"><![CDATA[junit.framework.AssertionFailedError: expected:<EQUILATERAL> but was:<ISOSCELES>
	at junit.framework.Assert.fail(Assert.java:57)
	at junit.framework.Assert.failNotEquals(Assert.java:329)
	at junit.framework.Assert.assertEquals(Assert.java:78)
	at junit.framework.Assert.assertEquals(Assert.java:86)
	at junit.framework.TestCase.assertEquals(TestCase.java:253)
	at com.defects4j.fl.test.TestSuite.test10(TestSuite.java:36)
]]></failure>
  </testcase>
  <testcase name="test11" classname="com.defects4j.fl.test.TestSuite" time="0">
    <failure message="expected:&lt;EQUILATERAL&gt; but was:&lt;INVALID&gt;" type="junit.framework.AssertionFailedError"><![CDATA[junit.framework.AssertionFailedError: expected:<EQUILATERAL> but was:<INVALID>
	at junit.framework.Assert.fail(Assert.java:57)
	at junit.framework.Assert.failNotEquals(Assert.java:329)
	at junit.framework.Assert.assertEquals(Assert.java:78)
	at junit.framework.Assert.assertEquals(Assert.java:86)
	at junit.framework.TestCase.assertEquals(TestCase.java:253)
	at com.defects4j.fl.test.TestSuite.test11(TestSuite.java:39)
]]></failure>
  </testcase>
  <testcase name="test12" classname="com.defects4j.fl.test.TestSuite" time="0"/>
  <testcase name="test13" classname="com.defects4j.fl.test.TestSuite" time="0"/>
  <testcase name="test14" classname="com.defects4j.fl.test.TestSuite" time="0.001">
    <failure message="expected:&lt;SCALENE&gt; but was:&lt;ISOSCELES&gt;" type="junit.framework.AssertionFailedError"><![CDATA[junit.framework.AssertionFailedError: expected:<SCALENE> but was:<ISOSCELES>
	at junit.framework.Assert.fail(Assert.java:57)
	at junit.framework.Assert.failNotEquals(Assert.java:329)
	at junit.framework.Assert.assertEquals(Assert.java:78)
	at junit.framework.Assert.assertEquals(Assert.java:86)
	at junit.framework.TestCase.assertEquals(TestCase.java:253)
	at com.defects4j.fl.test.TestSuite.test14(TestSuite.java:48)
]]></failure>
  </testcase>
  <testcase name="test15" classname="com.defects4j.fl.test.TestSuite" time="0.001"/>
  <testcase name="test16" classname="com.defects4j.fl.test.TestSuite" time="0"/>
  <testcase name="test17" classname="com.defects4j.fl.test.TestSuite" time="0"/>
  <testcase name="test18" classname="com.defects4j.fl.test.TestSuite" time="0.001"/>
  <testcase name="test19" classname="com.defects4j.fl.test.TestSuite" time="0"/>
  <testcase name="test20" classname="com.defects4j.fl.test.TestSuite" time="0.001">
    <failure message="expected:&lt;EQUILATERAL&gt; but was:&lt;INVALID&gt;" type="junit.framework.AssertionFailedError"><![CDATA[junit.framework.AssertionFailedError: expected:<EQUILATERAL> but was:<INVALID>
	at junit.framework.Assert.fail(Assert.java:57)
	at junit.framework.Assert.failNotEquals(Assert.java:329)
	at junit.framework.Assert.assertEquals(Assert.java:78)
	at junit.framework.Assert.assertEquals(Assert.java:86)
	at junit.framework.TestCase.assertEquals(TestCase.java:253)
	at com.defects4j.fl.test.TestSuite.test20(TestSuite.java:66)
]]></failure>
  </testcase>
  <testcase name="test21" classname="com.defects4j.fl.test.TestSuite" time="0"/>
  <testcase name="test22" classname="com.defects4j.fl.test.TestSuite" time="0"/>
  <testcase name="test23" classname="com.defects4j.fl.test.TestSuite" time="0"/>
  <testcase name="test24" classname="com.defects4j.fl.test.TestSuite" time="0"/>
  <testcase name="test25" classname="com.defects4j.fl.test.TestSuite" time="0"/>
  <testcase name="test26" classname="com.defects4j.fl.test.TestSuite" time="0"/>
  <testcase name="test27" classname="com.defects4j.fl.test.TestSuite" time="0"/>
  <testcase name="test28" classname="com.defects4j.fl.test.TestSuite" time="0"/>
  <testcase name="test29" classname="com.defects4j.fl.test.TestSuite" time="0"/>
  <testcase name="test30" classname="com.defects4j.fl.test.TestSuite" time="0"/>
  <testcase name="test31" classname="com.defects4j.fl.test.TestSuite" time="0.001"/>
  <testcase name="test32" classname="com.defects4j.fl.test.TestSuite" time="0"/>
  <testcase name="test33" classname="com.defects4j.fl.test.TestSuite" time="0"/>
  <testcase name="test1" classname="com.defects4j.fl.test.TestSuite" time="0"/>
  <testcase name="test2" classname="com.defects4j.fl.test.TestSuite" time="0"/>
  <testcase name="test3" classname="com.defects4j.fl.test.TestSuite" time="0"/>
  <testcase name="test4" classname="com.defects4j.fl.test.TestSuite" time="0"/>
  <testcase name="test5" classname="com.defects4j.fl.test.TestSuite" time="0"/>
  <testcase name="test6" classname="com.defects4j.fl.test.TestSuite" time="0.001"/>
  <testcase name="test7" classname="com.defects4j.fl.test.TestSuite" time="0"/>
  <testcase name="test8" classname="com.defects4j.fl.test.TestSuite" time="0.001"/>
  <testcase name="test9" classname="com.defects4j.fl.test.TestSuite" time="0"/>
</testsuite>